2025-02-28 15:48:00,942 - INFO - Starting database initialization and data collection
2025-02-28 15:48:00,946 - INFO - Database initialized successfully
2025-02-28 15:48:00,947 - INFO - Scraper initialized successfully
2025-02-28 15:48:00,947 - INFO - Starting data collection for Premier League
2025-02-28 15:48:00,947 - INFO - Scraping season 2023/24 for league 47
2025-02-28 15:48:23,380 - ERROR - Error scraping Fotmob: Message: 
Stacktrace:
0   chromedriver                        0x00000001013a82d4 cxxbridge1$str$ptr + 2739836
1   chromedriver                        0x00000001013a0934 cxxbridge1$str$ptr + 2708700
2   chromedriver                        0x0000000100f01f90 cxxbridge1$string$len + 93360
3   chromedriver                        0x0000000100f48de4 cxxbridge1$string$len + 383748
4   chromedriver                        0x0000000100f89e80 cxxbridge1$string$len + 650144
5   chromedriver                        0x0000000100f3d060 cxxbridge1$string$len + 335232
6   chromedriver                        0x0000000101370c38 cxxbridge1$str$ptr + 2512864
7   chromedriver                        0x0000000101373f58 cxxbridge1$str$ptr + 2525952
8   chromedriver                        0x0000000101356578 cxxbridge1$str$ptr + 2404640
9   chromedriver                        0x0000000101374818 cxxbridge1$str$ptr + 2528192
10  chromedriver                        0x0000000101346f2c cxxbridge1$str$ptr + 2341588
11  chromedriver                        0x0000000101390a60 cxxbridge1$str$ptr + 2643464
12  chromedriver                        0x0000000101390be8 cxxbridge1$str$ptr + 2643856
13  chromedriver                        0x00000001013a05a8 cxxbridge1$str$ptr + 2707792
14  libsystem_pthread.dylib             0x000000018730f2e4 _pthread_start + 136
15  libsystem_pthread.dylib             0x000000018730a0fc thread_start + 8

2025-02-28 15:48:25,493 - INFO - Scraping season 2022/23 for league 47
2025-02-28 15:48:37,407 - ERROR - Error scraping Fotmob: Message: 
Stacktrace:
0   chromedriver                        0x00000001014c82d4 cxxbridge1$str$ptr + 2739836
1   chromedriver                        0x00000001014c0934 cxxbridge1$str$ptr + 2708700
2   chromedriver                        0x0000000101021f90 cxxbridge1$string$len + 93360
3   chromedriver                        0x0000000101068de4 cxxbridge1$string$len + 383748
4   chromedriver                        0x00000001010a9e80 cxxbridge1$string$len + 650144
5   chromedriver                        0x000000010105d060 cxxbridge1$string$len + 335232
6   chromedriver                        0x0000000101490c38 cxxbridge1$str$ptr + 2512864
7   chromedriver                        0x0000000101493f58 cxxbridge1$str$ptr + 2525952
8   chromedriver                        0x0000000101476578 cxxbridge1$str$ptr + 2404640
9   chromedriver                        0x0000000101494818 cxxbridge1$str$ptr + 2528192
10  chromedriver                        0x0000000101466f2c cxxbridge1$str$ptr + 2341588
11  chromedriver                        0x00000001014b0a60 cxxbridge1$str$ptr + 2643464
12  chromedriver                        0x00000001014b0be8 cxxbridge1$str$ptr + 2643856
13  chromedriver                        0x00000001014c05a8 cxxbridge1$str$ptr + 2707792
14  libsystem_pthread.dylib             0x000000018730f2e4 _pthread_start + 136
15  libsystem_pthread.dylib             0x000000018730a0fc thread_start + 8

2025-02-28 15:48:39,530 - INFO - Scraping season 2021/22 for league 47
2025-02-28 15:48:51,397 - ERROR - Error scraping Fotmob: Message: 
Stacktrace:
0   chromedriver                        0x0000000100a002d4 cxxbridge1$str$ptr + 2739836
1   chromedriver                        0x00000001009f8934 cxxbridge1$str$ptr + 2708700
2   chromedriver                        0x0000000100559f90 cxxbridge1$string$len + 93360
3   chromedriver                        0x00000001005a0de4 cxxbridge1$string$len + 383748
4   chromedriver                        0x00000001005e1e80 cxxbridge1$string$len + 650144
5   chromedriver                        0x0000000100595060 cxxbridge1$string$len + 335232
6   chromedriver                        0x00000001009c8c38 cxxbridge1$str$ptr + 2512864
7   chromedriver                        0x00000001009cbf58 cxxbridge1$str$ptr + 2525952
8   chromedriver                        0x00000001009ae578 cxxbridge1$str$ptr + 2404640
9   chromedriver                        0x00000001009cc818 cxxbridge1$str$ptr + 2528192
10  chromedriver                        0x000000010099ef2c cxxbridge1$str$ptr + 2341588
11  chromedriver                        0x00000001009e8a60 cxxbridge1$str$ptr + 2643464
12  chromedriver                        0x00000001009e8be8 cxxbridge1$str$ptr + 2643856
13  chromedriver                        0x00000001009f85a8 cxxbridge1$str$ptr + 2707792
14  libsystem_pthread.dylib             0x000000018730f2e4 _pthread_start + 136
15  libsystem_pthread.dylib             0x000000018730a0fc thread_start + 8

2025-02-28 15:48:53,518 - INFO - Completed data collection for Premier League
2025-02-28 15:48:53,518 - INFO - Starting data collection for La Liga
2025-02-28 15:48:53,518 - INFO - Scraping season 2023/24 for league 87
2025-02-28 15:49:06,141 - ERROR - Error scraping Fotmob: Message: 
Stacktrace:
0   chromedriver                        0x00000001031c02d4 cxxbridge1$str$ptr + 2739836
1   chromedriver                        0x00000001031b8934 cxxbridge1$str$ptr + 2708700
2   chromedriver                        0x0000000102d19f90 cxxbridge1$string$len + 93360
3   chromedriver                        0x0000000102d60de4 cxxbridge1$string$len + 383748
4   chromedriver                        0x0000000102da1e80 cxxbridge1$string$len + 650144
5   chromedriver                        0x0000000102d55060 cxxbridge1$string$len + 335232
6   chromedriver                        0x0000000103188c38 cxxbridge1$str$ptr + 2512864
7   chromedriver                        0x000000010318bf58 cxxbridge1$str$ptr + 2525952
8   chromedriver                        0x000000010316e578 cxxbridge1$str$ptr + 2404640
9   chromedriver                        0x000000010318c818 cxxbridge1$str$ptr + 2528192
10  chromedriver                        0x000000010315ef2c cxxbridge1$str$ptr + 2341588
11  chromedriver                        0x00000001031a8a60 cxxbridge1$str$ptr + 2643464
12  chromedriver                        0x00000001031a8be8 cxxbridge1$str$ptr + 2643856
13  chromedriver                        0x00000001031b85a8 cxxbridge1$str$ptr + 2707792
14  libsystem_pthread.dylib             0x000000018730f2e4 _pthread_start + 136
15  libsystem_pthread.dylib             0x000000018730a0fc thread_start + 8

2025-02-28 15:49:08,267 - INFO - Scraping season 2022/23 for league 87
2025-02-28 15:49:20,110 - ERROR - Error scraping Fotmob: Message: 
Stacktrace:
0   chromedriver                        0x00000001009642d4 cxxbridge1$str$ptr + 2739836
1   chromedriver                        0x000000010095c934 cxxbridge1$str$ptr + 2708700
2   chromedriver                        0x00000001004bdf90 cxxbridge1$string$len + 93360
3   chromedriver                        0x0000000100504de4 cxxbridge1$string$len + 383748
4   chromedriver                        0x0000000100545e80 cxxbridge1$string$len + 650144
5   chromedriver                        0x00000001004f9060 cxxbridge1$string$len + 335232
6   chromedriver                        0x000000010092cc38 cxxbridge1$str$ptr + 2512864
7   chromedriver                        0x000000010092ff58 cxxbridge1$str$ptr + 2525952
8   chromedriver                        0x0000000100912578 cxxbridge1$str$ptr + 2404640
9   chromedriver                        0x0000000100930818 cxxbridge1$str$ptr + 2528192
10  chromedriver                        0x0000000100902f2c cxxbridge1$str$ptr + 2341588
11  chromedriver                        0x000000010094ca60 cxxbridge1$str$ptr + 2643464
12  chromedriver                        0x000000010094cbe8 cxxbridge1$str$ptr + 2643856
13  chromedriver                        0x000000010095c5a8 cxxbridge1$str$ptr + 2707792
14  libsystem_pthread.dylib             0x000000018730f2e4 _pthread_start + 136
15  libsystem_pthread.dylib             0x000000018730a0fc thread_start + 8

2025-02-28 15:49:22,221 - INFO - Scraping season 2021/22 for league 87
2025-02-28 15:49:34,193 - ERROR - Error scraping Fotmob: Message: 
Stacktrace:
0   chromedriver                        0x00000001027282d4 cxxbridge1$str$ptr + 2739836
1   chromedriver                        0x0000000102720934 cxxbridge1$str$ptr + 2708700
2   chromedriver                        0x0000000102281f90 cxxbridge1$string$len + 93360
3   chromedriver                        0x00000001022c8de4 cxxbridge1$string$len + 383748
4   chromedriver                        0x0000000102309e80 cxxbridge1$string$len + 650144
5   chromedriver                        0x00000001022bd060 cxxbridge1$string$len + 335232
6   chromedriver                        0x00000001026f0c38 cxxbridge1$str$ptr + 2512864
7   chromedriver                        0x00000001026f3f58 cxxbridge1$str$ptr + 2525952
8   chromedriver                        0x00000001026d6578 cxxbridge1$str$ptr + 2404640
9   chromedriver                        0x00000001026f4818 cxxbridge1$str$ptr + 2528192
10  chromedriver                        0x00000001026c6f2c cxxbridge1$str$ptr + 2341588
11  chromedriver                        0x0000000102710a60 cxxbridge1$str$ptr + 2643464
12  chromedriver                        0x0000000102710be8 cxxbridge1$str$ptr + 2643856
13  chromedriver                        0x00000001027205a8 cxxbridge1$str$ptr + 2707792
14  libsystem_pthread.dylib             0x000000018730f2e4 _pthread_start + 136
15  libsystem_pthread.dylib             0x000000018730a0fc thread_start + 8

2025-02-28 15:49:36,292 - INFO - Completed data collection for La Liga
2025-02-28 15:49:36,292 - INFO - Starting data collection for Bundesliga
2025-02-28 15:49:36,293 - INFO - Scraping season 2023/24 for league 54
2025-02-28 15:49:49,063 - ERROR - Error scraping Fotmob: Message: 
Stacktrace:
0   chromedriver                        0x00000001012242d4 cxxbridge1$str$ptr + 2739836
1   chromedriver                        0x000000010121c934 cxxbridge1$str$ptr + 2708700
2   chromedriver                        0x0000000100d7df90 cxxbridge1$string$len + 93360
3   chromedriver                        0x0000000100dc4de4 cxxbridge1$string$len + 383748
4   chromedriver                        0x0000000100e05e80 cxxbridge1$string$len + 650144
5   chromedriver                        0x0000000100db9060 cxxbridge1$string$len + 335232
6   chromedriver                        0x00000001011ecc38 cxxbridge1$str$ptr + 2512864
7   chromedriver                        0x00000001011eff58 cxxbridge1$str$ptr + 2525952
8   chromedriver                        0x00000001011d2578 cxxbridge1$str$ptr + 2404640
9   chromedriver                        0x00000001011f0818 cxxbridge1$str$ptr + 2528192
10  chromedriver                        0x00000001011c2f2c cxxbridge1$str$ptr + 2341588
11  chromedriver                        0x000000010120ca60 cxxbridge1$str$ptr + 2643464
12  chromedriver                        0x000000010120cbe8 cxxbridge1$str$ptr + 2643856
13  chromedriver                        0x000000010121c5a8 cxxbridge1$str$ptr + 2707792
14  libsystem_pthread.dylib             0x000000018730f2e4 _pthread_start + 136
15  libsystem_pthread.dylib             0x000000018730a0fc thread_start + 8

2025-02-28 15:49:51,177 - INFO - Scraping season 2022/23 for league 54
2025-02-28 15:50:03,886 - ERROR - Error scraping Fotmob: Message: 
Stacktrace:
0   chromedriver                        0x0000000102bd42d4 cxxbridge1$str$ptr + 2739836
1   chromedriver                        0x0000000102bcc934 cxxbridge1$str$ptr + 2708700
2   chromedriver                        0x000000010272df90 cxxbridge1$string$len + 93360
3   chromedriver                        0x0000000102774de4 cxxbridge1$string$len + 383748
4   chromedriver                        0x00000001027b5e80 cxxbridge1$string$len + 650144
5   chromedriver                        0x0000000102769060 cxxbridge1$string$len + 335232
6   chromedriver                        0x0000000102b9cc38 cxxbridge1$str$ptr + 2512864
7   chromedriver                        0x0000000102b9ff58 cxxbridge1$str$ptr + 2525952
8   chromedriver                        0x0000000102b82578 cxxbridge1$str$ptr + 2404640
9   chromedriver                        0x0000000102ba0818 cxxbridge1$str$ptr + 2528192
10  chromedriver                        0x0000000102b72f2c cxxbridge1$str$ptr + 2341588
11  chromedriver                        0x0000000102bbca60 cxxbridge1$str$ptr + 2643464
12  chromedriver                        0x0000000102bbcbe8 cxxbridge1$str$ptr + 2643856
13  chromedriver                        0x0000000102bcc5a8 cxxbridge1$str$ptr + 2707792
14  libsystem_pthread.dylib             0x000000018730f2e4 _pthread_start + 136
15  libsystem_pthread.dylib             0x000000018730a0fc thread_start + 8

2025-02-28 15:50:06,006 - INFO - Scraping season 2021/22 for league 54
2025-02-28 15:50:18,193 - ERROR - Error scraping Fotmob: Message: 
Stacktrace:
0   chromedriver                        0x00000001012182d4 cxxbridge1$str$ptr + 2739836
1   chromedriver                        0x0000000101210934 cxxbridge1$str$ptr + 2708700
2   chromedriver                        0x0000000100d71f90 cxxbridge1$string$len + 93360
3   chromedriver                        0x0000000100db8de4 cxxbridge1$string$len + 383748
4   chromedriver                        0x0000000100df9e80 cxxbridge1$string$len + 650144
5   chromedriver                        0x0000000100dad060 cxxbridge1$string$len + 335232
6   chromedriver                        0x00000001011e0c38 cxxbridge1$str$ptr + 2512864
7   chromedriver                        0x00000001011e3f58 cxxbridge1$str$ptr + 2525952
8   chromedriver                        0x00000001011c6578 cxxbridge1$str$ptr + 2404640
9   chromedriver                        0x00000001011e4818 cxxbridge1$str$ptr + 2528192
10  chromedriver                        0x00000001011b6f2c cxxbridge1$str$ptr + 2341588
11  chromedriver                        0x0000000101200a60 cxxbridge1$str$ptr + 2643464
12  chromedriver                        0x0000000101200be8 cxxbridge1$str$ptr + 2643856
13  chromedriver                        0x00000001012105a8 cxxbridge1$str$ptr + 2707792
14  libsystem_pthread.dylib             0x000000018730f2e4 _pthread_start + 136
15  libsystem_pthread.dylib             0x000000018730a0fc thread_start + 8

2025-02-28 15:50:20,297 - INFO - Completed data collection for Bundesliga
2025-02-28 15:50:20,297 - INFO - Starting data collection for Serie A
2025-02-28 15:50:20,297 - INFO - Scraping season 2023/24 for league 55
2025-02-28 15:50:32,794 - ERROR - Error scraping Fotmob: Message: 
Stacktrace:
0   chromedriver                        0x00000001011a82d4 cxxbridge1$str$ptr + 2739836
1   chromedriver                        0x00000001011a0934 cxxbridge1$str$ptr + 2708700
2   chromedriver                        0x0000000100d01f90 cxxbridge1$string$len + 93360
3   chromedriver                        0x0000000100d48de4 cxxbridge1$string$len + 383748
4   chromedriver                        0x0000000100d89e80 cxxbridge1$string$len + 650144
5   chromedriver                        0x0000000100d3d060 cxxbridge1$string$len + 335232
6   chromedriver                        0x0000000101170c38 cxxbridge1$str$ptr + 2512864
7   chromedriver                        0x0000000101173f58 cxxbridge1$str$ptr + 2525952
8   chromedriver                        0x0000000101156578 cxxbridge1$str$ptr + 2404640
9   chromedriver                        0x0000000101174818 cxxbridge1$str$ptr + 2528192
10  chromedriver                        0x0000000101146f2c cxxbridge1$str$ptr + 2341588
11  chromedriver                        0x0000000101190a60 cxxbridge1$str$ptr + 2643464
12  chromedriver                        0x0000000101190be8 cxxbridge1$str$ptr + 2643856
13  chromedriver                        0x00000001011a05a8 cxxbridge1$str$ptr + 2707792
14  libsystem_pthread.dylib             0x000000018730f2e4 _pthread_start + 136
15  libsystem_pthread.dylib             0x000000018730a0fc thread_start + 8

2025-02-28 15:50:34,914 - INFO - Scraping season 2022/23 for league 55
2025-02-28 15:50:46,796 - ERROR - Error scraping Fotmob: Message: 
Stacktrace:
0   chromedriver                        0x00000001032482d4 cxxbridge1$str$ptr + 2739836
1   chromedriver                        0x0000000103240934 cxxbridge1$str$ptr + 2708700
2   chromedriver                        0x0000000102da1f90 cxxbridge1$string$len + 93360
3   chromedriver                        0x0000000102de8de4 cxxbridge1$string$len + 383748
4   chromedriver                        0x0000000102e29e80 cxxbridge1$string$len + 650144
5   chromedriver                        0x0000000102ddd060 cxxbridge1$string$len + 335232
6   chromedriver                        0x0000000103210c38 cxxbridge1$str$ptr + 2512864
7   chromedriver                        0x0000000103213f58 cxxbridge1$str$ptr + 2525952
8   chromedriver                        0x00000001031f6578 cxxbridge1$str$ptr + 2404640
9   chromedriver                        0x0000000103214818 cxxbridge1$str$ptr + 2528192
10  chromedriver                        0x00000001031e6f2c cxxbridge1$str$ptr + 2341588
11  chromedriver                        0x0000000103230a60 cxxbridge1$str$ptr + 2643464
12  chromedriver                        0x0000000103230be8 cxxbridge1$str$ptr + 2643856
13  chromedriver                        0x00000001032405a8 cxxbridge1$str$ptr + 2707792
14  libsystem_pthread.dylib             0x000000018730f2e4 _pthread_start + 136
15  libsystem_pthread.dylib             0x000000018730a0fc thread_start + 8

2025-02-28 15:50:48,919 - INFO - Scraping season 2021/22 for league 55
2025-02-28 15:51:00,730 - ERROR - Error scraping Fotmob: Message: 
Stacktrace:
0   chromedriver                        0x00000001009302d4 cxxbridge1$str$ptr + 2739836
1   chromedriver                        0x0000000100928934 cxxbridge1$str$ptr + 2708700
2   chromedriver                        0x0000000100489f90 cxxbridge1$string$len + 93360
3   chromedriver                        0x00000001004d0de4 cxxbridge1$string$len + 383748
4   chromedriver                        0x0000000100511e80 cxxbridge1$string$len + 650144
5   chromedriver                        0x00000001004c5060 cxxbridge1$string$len + 335232
6   chromedriver                        0x00000001008f8c38 cxxbridge1$str$ptr + 2512864
7   chromedriver                        0x00000001008fbf58 cxxbridge1$str$ptr + 2525952
8   chromedriver                        0x00000001008de578 cxxbridge1$str$ptr + 2404640
9   chromedriver                        0x00000001008fc818 cxxbridge1$str$ptr + 2528192
10  chromedriver                        0x00000001008cef2c cxxbridge1$str$ptr + 2341588
11  chromedriver                        0x0000000100918a60 cxxbridge1$str$ptr + 2643464
12  chromedriver                        0x0000000100918be8 cxxbridge1$str$ptr + 2643856
13  chromedriver                        0x00000001009285a8 cxxbridge1$str$ptr + 2707792
14  libsystem_pthread.dylib             0x000000018730f2e4 _pthread_start + 136
15  libsystem_pthread.dylib             0x000000018730a0fc thread_start + 8

2025-02-28 15:51:02,843 - INFO - Completed data collection for Serie A
2025-02-28 15:51:02,844 - INFO - Starting data collection for Ligue 1
2025-02-28 15:51:02,844 - INFO - Scraping season 2023/24 for league 53
2025-02-28 15:51:15,251 - ERROR - Error scraping Fotmob: Message: 
Stacktrace:
0   chromedriver                        0x00000001031742d4 cxxbridge1$str$ptr + 2739836
1   chromedriver                        0x000000010316c934 cxxbridge1$str$ptr + 2708700
2   chromedriver                        0x0000000102ccdf90 cxxbridge1$string$len + 93360
3   chromedriver                        0x0000000102d14de4 cxxbridge1$string$len + 383748
4   chromedriver                        0x0000000102d55e80 cxxbridge1$string$len + 650144
5   chromedriver                        0x0000000102d09060 cxxbridge1$string$len + 335232
6   chromedriver                        0x000000010313cc38 cxxbridge1$str$ptr + 2512864
7   chromedriver                        0x000000010313ff58 cxxbridge1$str$ptr + 2525952
8   chromedriver                        0x0000000103122578 cxxbridge1$str$ptr + 2404640
9   chromedriver                        0x0000000103140818 cxxbridge1$str$ptr + 2528192
10  chromedriver                        0x0000000103112f2c cxxbridge1$str$ptr + 2341588
11  chromedriver                        0x000000010315ca60 cxxbridge1$str$ptr + 2643464
12  chromedriver                        0x000000010315cbe8 cxxbridge1$str$ptr + 2643856
13  chromedriver                        0x000000010316c5a8 cxxbridge1$str$ptr + 2707792
14  libsystem_pthread.dylib             0x000000018730f2e4 _pthread_start + 136
15  libsystem_pthread.dylib             0x000000018730a0fc thread_start + 8

2025-02-28 15:51:17,377 - INFO - Scraping season 2022/23 for league 53
2025-02-28 15:51:29,219 - ERROR - Error scraping Fotmob: Message: 
Stacktrace:
0   chromedriver                        0x00000001031a02d4 cxxbridge1$str$ptr + 2739836
1   chromedriver                        0x0000000103198934 cxxbridge1$str$ptr + 2708700
2   chromedriver                        0x0000000102cf9f90 cxxbridge1$string$len + 93360
3   chromedriver                        0x0000000102d40de4 cxxbridge1$string$len + 383748
4   chromedriver                        0x0000000102d81e80 cxxbridge1$string$len + 650144
5   chromedriver                        0x0000000102d35060 cxxbridge1$string$len + 335232
6   chromedriver                        0x0000000103168c38 cxxbridge1$str$ptr + 2512864
7   chromedriver                        0x000000010316bf58 cxxbridge1$str$ptr + 2525952
8   chromedriver                        0x000000010314e578 cxxbridge1$str$ptr + 2404640
9   chromedriver                        0x000000010316c818 cxxbridge1$str$ptr + 2528192
10  chromedriver                        0x000000010313ef2c cxxbridge1$str$ptr + 2341588
11  chromedriver                        0x0000000103188a60 cxxbridge1$str$ptr + 2643464
12  chromedriver                        0x0000000103188be8 cxxbridge1$str$ptr + 2643856
13  chromedriver                        0x00000001031985a8 cxxbridge1$str$ptr + 2707792
14  libsystem_pthread.dylib             0x000000018730f2e4 _pthread_start + 136
15  libsystem_pthread.dylib             0x000000018730a0fc thread_start + 8

2025-02-28 15:51:31,330 - INFO - Scraping season 2021/22 for league 53
2025-02-28 15:51:43,952 - ERROR - Error scraping Fotmob: Message: 
Stacktrace:
0   chromedriver                        0x00000001026942d4 cxxbridge1$str$ptr + 2739836
1   chromedriver                        0x000000010268c934 cxxbridge1$str$ptr + 2708700
2   chromedriver                        0x00000001021edf90 cxxbridge1$string$len + 93360
3   chromedriver                        0x0000000102234de4 cxxbridge1$string$len + 383748
4   chromedriver                        0x0000000102275e80 cxxbridge1$string$len + 650144
5   chromedriver                        0x0000000102229060 cxxbridge1$string$len + 335232
6   chromedriver                        0x000000010265cc38 cxxbridge1$str$ptr + 2512864
7   chromedriver                        0x000000010265ff58 cxxbridge1$str$ptr + 2525952
8   chromedriver                        0x0000000102642578 cxxbridge1$str$ptr + 2404640
9   chromedriver                        0x0000000102660818 cxxbridge1$str$ptr + 2528192
10  chromedriver                        0x0000000102632f2c cxxbridge1$str$ptr + 2341588
11  chromedriver                        0x000000010267ca60 cxxbridge1$str$ptr + 2643464
12  chromedriver                        0x000000010267cbe8 cxxbridge1$str$ptr + 2643856
13  chromedriver                        0x000000010268c5a8 cxxbridge1$str$ptr + 2707792
14  libsystem_pthread.dylib             0x000000018730f2e4 _pthread_start + 136
15  libsystem_pthread.dylib             0x000000018730a0fc thread_start + 8

2025-02-28 15:51:46,082 - INFO - Completed data collection for Ligue 1
2025-02-28 15:51:46,082 - INFO - Data collection completed successfully
2025-02-28 15:51:46,086 - INFO - Resources cleaned up
